<?xml version="1.0" encoding="UTF-8"?>
<testng-results ignored="0" total="1" passed="1" failed="0" skipped="0">
  <reporter-output>
  </reporter-output>
  <suite started-at="2024-01-23T16:30:36 IST" name="Default suite" finished-at="2024-01-23T16:30:36 IST" duration-ms="66">
    <groups>
    </groups>
    <test started-at="2024-01-23T16:30:36 IST" name="Default test" finished-at="2024-01-23T16:30:36 IST" duration-ms="66">
      <class name="Session01.TestCase01">
        <test-method signature="createUser()[pri:0, instance:Session01.TestCase01@2b91004a]" started-at="2024-01-23T16:30:36 IST" name="createUser" finished-at="2024-01-23T16:30:36 IST" duration-ms="10" status="PASS">
          <reporter-output>
          </reporter-output>
        </test-method> <!-- createUser -->
      </class> <!-- Session01.TestCase01 -->
    </test> <!-- Default test -->
  </suite> <!-- Default suite -->
</testng-results>
